<?xml version='1.0' encoding='UTF-8'?>
<testsuite hostname="Liz.local" name="examples.apache.TestExamples" tests="3" errors="0" failures="3" skipped="0" time="13.89">
                     <properties>
[...]
</properties>
                     <testcase classname="examples.apache.TestExamples" name="can use Pearson method" time="4.557">
                                                 <failure message="1.0                   0.055641488407465814  NaN  0.4004714203168137  
0.055641488407465814  1.0                   NaN  0.9135958615342522  
NaN                   NaN                   1.0  NaN                 
0.4004714203168137    0.9135958615342522    NaN  1.0                 : org.apache.spark.ml.linalg.DenseMatrix != NOT THIS: java.lang.String" type="java.lang.Exception">java.lang.Exception: 1.0                   0.055641488407465814  NaN  0.4004714203168137  
0.055641488407465814  1.0                   NaN  0.9135958615342522  
NaN                   NaN                   1.0  NaN                 
0.4004714203168137    0.9135958615342522    NaN  1.0                 : org.apache.spark.ml.linalg.DenseMatrix != NOT THIS: java.lang.String
	at examples.apache.TestExamples.testPearsonCorrelation(TestExamples.scala:25)
	at examples.apache.TestExamples$$anonfun$is$1$$anonfun$apply$1.apply(TestExamples.scala:9)
	at examples.apache.TestExamples$$anonfun$is$1$$anonfun$apply$1.apply(TestExamples.scala:9)
</failure>
                                               </testcase><testcase classname="examples.apache.TestExamples" name="can use Spearman method" time="4.663">
                                                 <failure message="1.0                  0.10540925533894532  NaN  0.40000000000000174  
0.10540925533894532  1.0                  NaN  0.9486832980505141   
NaN                  NaN                  1.0  NaN                  
0.40000000000000174  0.9486832980505141   NaN  1.0                  : org.apache.spark.ml.linalg.DenseMatrix != NOT THIS: java.lang.String" type="java.lang.Exception">java.lang.Exception: 1.0                  0.10540925533894532  NaN  0.40000000000000174  
0.10540925533894532  1.0                  NaN  0.9486832980505141   
NaN                  NaN                  1.0  NaN                  
0.40000000000000174  0.9486832980505141   NaN  1.0                  : org.apache.spark.ml.linalg.DenseMatrix != NOT THIS: java.lang.String
	at examples.apache.TestExamples.testSpearmanCorrelation(TestExamples.scala:29)
	at examples.apache.TestExamples$$anonfun$is$1$$anonfun$apply$2.apply(TestExamples.scala:10)
	at examples.apache.TestExamples$$anonfun$is$1$$anonfun$apply$2.apply(TestExamples.scala:10)
</failure>
                                               </testcase><testcase classname="examples.apache.TestExamples" name="can use Chi-squared method" time="4.67">
                                                 <failure message="ChiSquareResults([0.6872892787909721,0.6822703303362126],[2,3],[0.75,1.5]): examples.apache.ChiSquareResults != NOT THIS: java.lang.String" type="java.lang.Exception">java.lang.Exception: ChiSquareResults([0.6872892787909721,0.6822703303362126],[2,3],[0.75,1.5]): examples.apache.ChiSquareResults != NOT THIS: java.lang.String
	at examples.apache.TestExamples.testChiSquared(TestExamples.scala:40)
	at examples.apache.TestExamples$$anonfun$is$1$$anonfun$apply$3.apply(TestExamples.scala:13)
	at examples.apache.TestExamples$$anonfun$is$1$$anonfun$apply$3.apply(TestExamples.scala:13)
</failure>
                                               </testcase>
                     <system-out></system-out>
                     <system-err></system-err>
                   </testsuite>